<?xml version="1.0" encoding="UTF-8"?>
<!-- Generated by org.testng.reporters.JUnitXMLReporter -->
<testsuite hostname="DESKTOP-0MK8QJJ" tests="0" failures="0" timestamp="4 May 2021 19:26:48 GMT" time="0.005" errors="0">
  <testcase name="@AfterTest tearDownTest" time="0.0" classname="automation.AbstractTest">
    <failure type="java.lang.NullPointerException">
      <![CDATA[java.lang.NullPointerException
	at automation.AbstractTest.getDriver(AbstractTest.java:175)
	at automation.AbstractTest.tearDownTest(AbstractTest.java:148)
... Removed 32 stack frames]]>
    </failure>
  </testcase> <!-- @AfterTest tearDownTest -->
</testsuite>
